#
# There is insufficient memory for the Java Runtime Environment to continue.
# Native memory allocation (mmap) failed to map 134217728 bytes for G1 virtual space
# Possible reasons:
#   The system is out of physical RAM or swap space
#   The process is running with CompressedOops enabled, and the Java Heap may be blocking the growth of the native heap
# Possible solutions:
#   Reduce memory load on the system
#   Increase physical memory or swap space
#   Check if swap backing store is full
#   Decrease Java heap size (-Xmx/-Xms)
#   Decrease number of Java threads
#   Decrease Java thread stack sizes (-Xss)
#   Set larger code cache with -XX:ReservedCodeCacheSize=
#   JVM is running with Unscaled Compressed Oops mode in which the Java heap is
#     placed in the first 4GB address space. The Java Heap base address is the
#     maximum limit for the native heap growth. Please use -XX:HeapBaseMinAddress
#     to set the Java Heap base and to place the Java Heap above 4GB virtual address.
# This output file may be truncated or incomplete.
#
#  Out of Memory Error (os_windows.cpp:3541), pid=11540, tid=3364
#
# JRE version:  (17.0.5+9) (build )
# Java VM: Java HotSpot(TM) 64-Bit Server VM (17.0.5+9-LTS-191, mixed mode, sharing, tiered, compressed oops, compressed class ptrs, g1 gc, windows-amd64)
# No core dump will be written. Minidumps are not enabled by default on client versions of Windows
#

---------------  S U M M A R Y ------------

Command Line: C:\Users\Mauri\AppData\Local\Temp\surefire3452348039662489157\surefirebooter-20240517145757124_3.jar C:\Users\Mauri\AppData\Local\Temp\surefire3452348039662489157 2024-05-17T14-57-56_901-jvmRun1 surefire-20240517145757124_1tmp surefire_0-20240517145757124_2tmp

Host: Intel(R) Core(TM) i5-6200U CPU @ 2.30GHz, 4 cores, 7G,  Windows 10 , 64 bit Build 19041 (10.0.19041.3636)
Time: Fri May 17 14:57:57 2024 Hora est. Pacífico, Sudamérica elapsed time: 0.031455 seconds (0d 0h 0m 0s)

---------------  T H R E A D  ---------------

Current thread (0x000001ecc66f4640):  JavaThread "Unknown thread" [_thread_in_vm, id=3364, stack(0x00000003fa400000,0x00000003fa500000)]

Stack: [0x00000003fa400000,0x00000003fa500000]
Native frames: (J=compiled Java code, j=interpreted, Vv=VM code, C=native code)
V  [jvm.dll+0x672eea]
V  [jvm.dll+0x7d2a04]
V  [jvm.dll+0x7d41ae]
V  [jvm.dll+0x7d4813]
V  [jvm.dll+0x242c15]
V  [jvm.dll+0x66fe09]
V  [jvm.dll+0x664682]
V  [jvm.dll+0x300e8b]
V  [jvm.dll+0x308426]
V  [jvm.dll+0x357ffe]
V  [jvm.dll+0x35822f]
V  [jvm.dll+0x2d80a8]
V  [jvm.dll+0x2d9014]
V  [jvm.dll+0x7a44e1]
V  [jvm.dll+0x365df1]
V  [jvm.dll+0x7838fc]
V  [jvm.dll+0x3e873f]
V  [jvm.dll+0x3ea1e1]
C  [jli.dll+0x527b]
C  [ucrtbase.dll+0x21bb2]
C  [KERNEL32.DLL+0x17344]
C  [ntdll.dll+0x526b1]


---------------  P R O C E S S  ---------------

Threads class SMR info:
_java_thread_list=0x00007ffec75ea8d8, length=0, elements={
}

Java Threads: ( => current thread )

Other Threads:
  0x000001ecc674e800 GCTaskThread "GC Thread#0" [stack: 0x00000003fa500000,0x00000003fa600000] [id=13076]
  0x000001ecc6760360 ConcurrentGCThread "G1 Main Marker" [stack: 0x00000003fa600000,0x00000003fa700000] [id=2720]
  0x000001ecc6760c80 ConcurrentGCThread "G1 Conc#0" [stack: 0x00000003fa700000,0x00000003fa800000] [id=10380]

[error occurred during error reporting (printing all threads), id 0xc0000005, EXCEPTION_ACCESS_VIOLATION (0xc0000005) at pc=0x00007ffec6e38a97]

VM state: not at safepoint (not fully initialized)

VM Mutex/Monitor currently owned by a thread:  ([mutex/lock_event])
[0x000001ecc66efbb0] Heap_lock - owner thread: 0x000001ecc66f4640

Heap address: 0x0000000081800000, size: 2024 MB, Compressed Oops mode: 32-bit

CDS archive(s) mapped at: [0x0000000000000000-0x0000000000000000-0x0000000000000000), size 0, SharedBaseAddress: 0x0000000800000000, ArchiveRelocationMode: 0.
Narrow klass base: 0x0000000000000000, Narrow klass shift: 0, Narrow klass range: 0x0

GC Precious Log:
<Empty>

Heap:
 garbage-first heap   total 0K, used 0K [0x0000000081800000, 0x0000000100000000)
  region size 1024K, 0 young (0K), 0 survivors (0K)

[error occurred during error reporting (printing heap information), id 0xc0000005, EXCEPTION_ACCESS_VIOLATION (0xc0000005) at pc=0x00007ffec721c399]

GC Heap History (0 events):
No events

Deoptimization events (0 events):
No events

Classes unloaded (0 events):
No events

Classes redefined (0 events):
No events

Internal exceptions (0 events):
No events

VM Operations (0 events):
No events

Events (1 events):
Event: 0.016 Loaded shared library C:\Program Files\Java\jdk-17.0.5\bin\java.dll


Dynamic libraries:
0x00007ff6a5ff0000 - 0x00007ff6a6000000 	C:\Program Files\Java\jdk-17.0.5\bin\java.exe
0x00007fff35e90000 - 0x00007fff36088000 	C:\Windows\SYSTEM32\ntdll.dll
0x00007fff35350000 - 0x00007fff3540d000 	C:\Windows\System32\KERNEL32.DLL
0x00007fff33620000 - 0x00007fff33916000 	C:\Windows\System32\KERNELBASE.dll
0x00007fff33a60000 - 0x00007fff33b60000 	C:\Windows\System32\ucrtbase.dll
0x00007fff18370000 - 0x00007fff18388000 	C:\Program Files\Java\jdk-17.0.5\bin\jli.dll
0x00007fff35410000 - 0x00007fff354c0000 	C:\Windows\System32\ADVAPI32.dll
0x00007fff359e0000 - 0x00007fff35a7e000 	C:\Windows\System32\msvcrt.dll
0x00007fff34df0000 - 0x00007fff34e90000 	C:\Windows\System32\sechost.dll
0x00007fff35520000 - 0x00007fff35643000 	C:\Windows\System32\RPCRT4.dll
0x00007fff33920000 - 0x00007fff33947000 	C:\Windows\System32\bcrypt.dll
0x00007fff356b0000 - 0x00007fff3584f000 	C:\Windows\System32\USER32.dll
0x00007fff335f0000 - 0x00007fff33612000 	C:\Windows\System32\win32u.dll
0x00007fff35c90000 - 0x00007fff35cbb000 	C:\Windows\System32\GDI32.dll
0x00007fff33b60000 - 0x00007fff33c77000 	C:\Windows\System32\gdi32full.dll
0x00007fff339c0000 - 0x00007fff33a5d000 	C:\Windows\System32\msvcp_win.dll
0x00007fff1d320000 - 0x00007fff1d33a000 	C:\Program Files\Java\jdk-17.0.5\bin\VCRUNTIME140.dll
0x00007fff1df60000 - 0x00007fff1e1fa000 	C:\Windows\WinSxS\amd64_microsoft.windows.common-controls_6595b64144ccf1df_6.0.19041.4355_none_60b8b9eb71f62e16\COMCTL32.dll
0x00007fff25180000 - 0x00007fff2518a000 	C:\Windows\SYSTEM32\VERSION.dll
0x00007fff345a0000 - 0x00007fff345d2000 	C:\Windows\System32\IMM32.DLL
0x00007fff27c40000 - 0x00007fff27c4c000 	C:\Program Files\Java\jdk-17.0.5\bin\vcruntime140_1.dll
0x00007ffef6520000 - 0x00007ffef65ad000 	C:\Program Files\Java\jdk-17.0.5\bin\msvcp140.dll
0x00007ffec6b50000 - 0x00007ffec7712000 	C:\Program Files\Java\jdk-17.0.5\bin\server\jvm.dll
0x00007fff35280000 - 0x00007fff35288000 	C:\Windows\System32\PSAPI.DLL
0x00007fff0cb20000 - 0x00007fff0cb29000 	C:\Windows\SYSTEM32\WSOCK32.dll
0x00007fff35970000 - 0x00007fff359db000 	C:\Windows\System32\WS2_32.dll
0x00007fff14f30000 - 0x00007fff14f57000 	C:\Windows\SYSTEM32\WINMM.dll
0x00007fff31d40000 - 0x00007fff31d52000 	C:\Windows\SYSTEM32\kernel.appcore.dll
0x00007fff27bf0000 - 0x00007fff27bfa000 	C:\Program Files\Java\jdk-17.0.5\bin\jimage.dll
0x00007fff310d0000 - 0x00007fff312b4000 	C:\Windows\SYSTEM32\DBGHELP.DLL
0x00007fff14ab0000 - 0x00007fff14ae4000 	C:\Windows\SYSTEM32\dbgcore.DLL
0x00007fff33de0000 - 0x00007fff33e62000 	C:\Windows\System32\bcryptPrimitives.dll
0x00007fff18340000 - 0x00007fff18365000 	C:\Program Files\Java\jdk-17.0.5\bin\java.dll

dbghelp: loaded successfully - version: 4.0.5 - missing functions: none
symbol engine: initialized successfully - sym options: 0x614 - pdb path: .;C:\Program Files\Java\jdk-17.0.5\bin;C:\Windows\SYSTEM32;C:\Windows\WinSxS\amd64_microsoft.windows.common-controls_6595b64144ccf1df_6.0.19041.4355_none_60b8b9eb71f62e16;C:\Program Files\Java\jdk-17.0.5\bin\server

VM Arguments:
java_command: C:\Users\Mauri\AppData\Local\Temp\surefire3452348039662489157\surefirebooter-20240517145757124_3.jar C:\Users\Mauri\AppData\Local\Temp\surefire3452348039662489157 2024-05-17T14-57-56_901-jvmRun1 surefire-20240517145757124_1tmp surefire_0-20240517145757124_2tmp
java_class_path (initial): C:\Users\Mauri\AppData\Local\Temp\surefire3452348039662489157\surefirebooter-20240517145757124_3.jar
Launcher Type: SUN_STANDARD

[Global flags]
     intx CICompilerCount                          = 3                                         {product} {ergonomic}
     uint ConcGCThreads                            = 1                                         {product} {ergonomic}
     uint G1ConcRefinementThreads                  = 4                                         {product} {ergonomic}
   size_t G1HeapRegionSize                         = 1048576                                   {product} {ergonomic}
    uintx GCDrainStackTargetSize                   = 64                                        {product} {ergonomic}
   size_t InitialHeapSize                          = 134217728                                 {product} {ergonomic}
   size_t MarkStackSize                            = 4194304                                   {product} {ergonomic}
   size_t MaxHeapSize                              = 2122317824                                {product} {ergonomic}
   size_t MinHeapDeltaBytes                        = 1048576                                   {product} {ergonomic}
   size_t MinHeapSize                              = 8388608                                   {product} {ergonomic}
    uintx NonNMethodCodeHeapSize                   = 5832780                                {pd product} {ergonomic}
    uintx NonProfiledCodeHeapSize                  = 122912730                              {pd product} {ergonomic}
    uintx ProfiledCodeHeapSize                     = 122912730                              {pd product} {ergonomic}
    uintx ReservedCodeCacheSize                    = 251658240                              {pd product} {ergonomic}
     bool SegmentedCodeCache                       = true                                      {product} {ergonomic}
   size_t SoftMaxHeapSize                          = 2122317824                             {manageable} {ergonomic}
     bool UseCompressedClassPointers               = true                           {product lp64_product} {ergonomic}
     bool UseCompressedOops                        = true                           {product lp64_product} {ergonomic}
     bool UseG1GC                                  = true                                      {product} {ergonomic}
     bool UseLargePagesIndividualAllocation        = false                                  {pd product} {ergonomic}

Logging:
Log output configuration:
 #0: stdout all=warning uptime,level,tags
 #1: stderr all=off uptime,level,tags

Environment Variables:
JAVA_HOME=C:\Program Files\Java\jdk-17.0.5
PATH=C:\Python311\Scripts\;C:\Python311\;C:\Windows\system32;C:\Windows;C:\Windows\System32\Wbem;C:\Windows\System32\WindowsPowerShell\v1.0\;C:\Windows\System32\OpenSSH\;C:\Program Files\PostgreSQL\14\bin;C:\xampp\php;C:\ProgramData\chocolatey\bin;C:\maven\bin;C:\Program Files\MySQL\MySQL Server 8.0\bin;C:\Users\Mauri\AppData\Roaming\nvm;C:\Program Files\nodejs;C:\Program Files\Docker\Docker\resources\bin;C:\Program Files\Java\jdk-17.0.5\bin;C:\Program Files\Git\cmd;C:\cygwin64\bin;C:\Program Files (x86)\Microsoft SQL Server\160\Tools\Binn\;C:\Program Files\Microsoft SQL Server\160\Tools\Binn\;C:\Program Files\Microsoft SQL Server\Client SDK\ODBC\170\Tools\Binn\;C:\Program Files\Microsoft SQL Server\160\DTS\Binn\;C:\Program Files (x86)\Microsoft SQL Server\160\DTS\Binn\;C:\Program Files\Microsoft SQL Server\150\Tools\Binn\;C:\Gradle\gradle-8.4\bin;C:\Program Files\dotnet\;C:\Users\Mauri\AppData\Roaming\.dotnet;C:\Users\Mauri\AppData\Local\Programs\Python\Python310\Scripts\;C:\Users\Mauri\AppData\Local\Programs\Python\Python310\;C:\Users\Mauri\AppData\Local\Microsoft\WindowsApps;C:\Users\Mauri\AppData\Local\GitHubDesktop\bin;C:\SQLite\sqlite-tools-win32-x86-3400000;C:\Users\Mauri\AppData\Local\Programs\Microsoft VS Code\bin;C:\Program Files\MongoDB\Server\6.0\bin;C:\Users\Mauri\.fly\bin;C:\Users\Mauri\AppData\Roaming\nvm;C:\Program Files\nodejs;C:\Program Files\Azure Data Studio\bin;C:\Program Files\Azure Data Studio\bin;C:\Users\Mauri\.dotnet\tools;C:\Program Files\JetBrains\IntelliJ IDEA Community Edition 2022.2.3\bin;
USERNAME=Mauri
OS=Windows_NT
PROCESSOR_IDENTIFIER=Intel64 Family 6 Model 78 Stepping 3, GenuineIntel



---------------  S Y S T E M  ---------------

OS:
 Windows 10 , 64 bit Build 19041 (10.0.19041.3636)
OS uptime: 0 days 7:03 hours
Hyper-V role detected

CPU: total 4 (initial active 4) (2 cores per cpu, 2 threads per core) family 6 model 78 stepping 3 microcode 0xcc, cx8, cmov, fxsr, ht, mmx, 3dnowpref, sse, sse2, sse3, ssse3, sse4.1, sse4.2, popcnt, lzcnt, tsc, tscinvbit, avx, avx2, aes, erms, clmul, bmi1, bmi2, adx, fma, vzeroupper, clflush, clflushopt, hv

Memory: 4k page, system-wide physical 8088M (225M free)
TotalPageFile size 14957M (AvailPageFile size 83M)
current process WorkingSet (physical memory assigned to process): 10M, peak: 10M
current process commit charge ("private bytes"): 51M, peak: 179M

vm_info: Java HotSpot(TM) 64-Bit Server VM (17.0.5+9-LTS-191) for windows-amd64 JRE (17.0.5+9-LTS-191), built on Sep 13 2022 17:31:43 by "mach5one" with MS VC++ 16.8 / 16.9 (VS2019)

END.
